{"C:\\Users\\alexs\\OneDrive\\Área de Trabalho\\nlw_return\\nlw_return_server\\src\\useCases\\submitFeedbackUseCase.ts": {"path":"C:\\Users\\alexs\\OneDrive\\Área de Trabalho\\nlw_return\\nlw_return_server\\src\\useCases\\submitFeedbackUseCase.ts","all":false,"statementMap":{"0":{"start":{"line":1,"column":0},"end":{"line":1,"column":52}},"1":{"start":{"line":2,"column":0},"end":{"line":2,"column":74}},"2":{"start":{"line":3,"column":0},"end":{"line":3,"column":85}},"3":{"start":{"line":4,"column":0},"end":{"line":4,"column":0}},"4":{"start":{"line":5,"column":0},"end":{"line":5,"column":29}},"5":{"start":{"line":6,"column":0},"end":{"line":6,"column":16}},"6":{"start":{"line":7,"column":0},"end":{"line":7,"column":57}},"7":{"start":{"line":8,"column":0},"end":{"line":8,"column":40}},"8":{"start":{"line":9,"column":0},"end":{"line":9,"column":9}},"9":{"start":{"line":10,"column":0},"end":{"line":10,"column":0}},"10":{"start":{"line":11,"column":0},"end":{"line":11,"column":95}},"11":{"start":{"line":12,"column":0},"end":{"line":12,"column":54}},"12":{"start":{"line":13,"column":0},"end":{"line":13,"column":60}},"13":{"start":{"line":14,"column":0},"end":{"line":14,"column":119}},"14":{"start":{"line":15,"column":0},"end":{"line":15,"column":0}},"15":{"start":{"line":16,"column":0},"end":{"line":16,"column":77}},"16":{"start":{"line":17,"column":0},"end":{"line":17,"column":0}},"17":{"start":{"line":18,"column":0},"end":{"line":18,"column":41}},"18":{"start":{"line":19,"column":0},"end":{"line":19,"column":37}},"19":{"start":{"line":20,"column":0},"end":{"line":20,"column":19}},"20":{"start":{"line":21,"column":0},"end":{"line":21,"column":51}},"21":{"start":{"line":22,"column":0},"end":{"line":22,"column":47}},"22":{"start":{"line":23,"column":0},"end":{"line":23,"column":24}},"23":{"start":{"line":24,"column":0},"end":{"line":24,"column":11}},"24":{"start":{"line":25,"column":0},"end":{"line":25,"column":5}},"25":{"start":{"line":26,"column":0},"end":{"line":26,"column":1}},"26":{"start":{"line":27,"column":0},"end":{"line":27,"column":0}},"27":{"start":{"line":28,"column":0},"end":{"line":28,"column":33}}},"s":{"0":1,"1":1,"2":1,"3":1,"4":1,"5":1,"6":1,"7":1,"8":1,"9":1,"10":1,"11":4,"12":4,"13":4,"14":1,"15":1,"16":1,"17":1,"18":1,"19":1,"20":1,"21":1,"22":1,"23":1,"24":1,"25":1,"26":1,"27":1},"branchMap":{"0":{"type":"branch","line":11,"loc":{"start":{"line":11,"column":4},"end":{"line":25,"column":5}},"locations":[{"start":{"line":11,"column":4},"end":{"line":25,"column":5}}]},"1":{"type":"branch","line":12,"loc":{"start":{"line":12,"column":18},"end":{"line":12,"column":54}},"locations":[{"start":{"line":12,"column":18},"end":{"line":12,"column":54}}]},"2":{"type":"branch","line":13,"loc":{"start":{"line":13,"column":-2},"end":{"line":13,"column":21}},"locations":[{"start":{"line":13,"column":-2},"end":{"line":13,"column":21}}]},"3":{"type":"branch","line":13,"loc":{"start":{"line":13,"column":21},"end":{"line":13,"column":60}},"locations":[{"start":{"line":13,"column":21},"end":{"line":13,"column":60}}]},"4":{"type":"branch","line":14,"loc":{"start":{"line":14,"column":-2},"end":{"line":14,"column":72}},"locations":[{"start":{"line":14,"column":-2},"end":{"line":14,"column":72}}]},"5":{"type":"branch","line":14,"loc":{"start":{"line":14,"column":74},"end":{"line":25,"column":5}},"locations":[{"start":{"line":14,"column":74},"end":{"line":25,"column":5}}]},"6":{"type":"branch","line":6,"loc":{"start":{"line":6,"column":4},"end":{"line":9,"column":9}},"locations":[{"start":{"line":6,"column":4},"end":{"line":9,"column":9}}]}},"b":{"0":[4],"1":[1],"2":[3],"3":[1],"4":[2],"5":[1],"6":[1]},"fnMap":{"0":{"name":"execute","decl":{"start":{"line":11,"column":4},"end":{"line":25,"column":5}},"loc":{"start":{"line":11,"column":4},"end":{"line":25,"column":5}},"line":11},"1":{"name":"SubmitFeedbackUseCase","decl":{"start":{"line":6,"column":4},"end":{"line":9,"column":9}},"loc":{"start":{"line":6,"column":4},"end":{"line":9,"column":9}},"line":6}},"f":{"0":4,"1":1}}
}
